[2021-12-07T08:48:54.447] [INFO] prod - Operación exitosa!
[2021-12-07T08:49:05.610] [ERROR] prod - Se recibio un número inválido: dddd
[2021-12-07T08:49:16.751] [WARN] prod - Se recibio una petición a un recurso no válido.
[2021-12-07T08:50:05.184] [ERROR] prod - Error: listen EADDRINUSE: address already in use :::8080
    at Server.setupListenHandle [as _listen2] (net.js:1316:16)
    at listenInCluster (net.js:1364:12)
    at Server.listen (net.js:1450:7)
    at Function.listen (/Users/iramgutierrez/iram/coderhouse/pb/clases/clase31-logs-debug-profiling-parte-1/node_modules/express/lib/application.js:618:24)
    at Object.<anonymous> (/Users/iramgutierrez/iram/coderhouse/pb/clases/clase31-logs-debug-profiling-parte-1/log4js-desafio.js:32:4)
    at Module._compile (internal/modules/cjs/loader.js:999:30)
    at Object.Module._extensions..js (internal/modules/cjs/loader.js:1027:10)
    at Module.load (internal/modules/cjs/loader.js:863:32)
    at Function.Module._load (internal/modules/cjs/loader.js:708:14)
    at Function.executeUserEntryPoint [as runMain] (internal/modules/run_main.js:60:12) {
  code: 'EADDRINUSE',
  errno: 'EADDRINUSE',
  syscall: 'listen',
  address: '::',
  port: 8080
}
[2021-12-07T08:50:48.505] [ERROR] prod - Error: listen EADDRINUSE: address already in use :::8080
    at Server.setupListenHandle [as _listen2] (net.js:1316:16)
    at listenInCluster (net.js:1364:12)
    at Server.listen (net.js:1450:7)
    at Function.listen (/Users/iramgutierrez/iram/coderhouse/pb/clases/clase31-logs-debug-profiling-parte-1/node_modules/express/lib/application.js:618:24)
    at Object.<anonymous> (/Users/iramgutierrez/iram/coderhouse/pb/clases/clase31-logs-debug-profiling-parte-1/log4js-desafio.js:32:4)
    at Module._compile (internal/modules/cjs/loader.js:999:30)
    at Object.Module._extensions..js (internal/modules/cjs/loader.js:1027:10)
    at Module.load (internal/modules/cjs/loader.js:863:32)
    at Function.Module._load (internal/modules/cjs/loader.js:708:14)
    at Function.executeUserEntryPoint [as runMain] (internal/modules/run_main.js:60:12) {
  code: 'EADDRINUSE',
  errno: 'EADDRINUSE',
  syscall: 'listen',
  address: '::',
  port: 8080
}
